<?xml version="1.0" encoding="UTF-8"?>
<!-- Generated by org.testng.reporters.JUnitReportReporter -->
<testsuite hostname="ADMIN-PC" failures="0" tests="4" name="obj.cal_obj" time="5.926" errors="0" timestamp="26 Jul 2023 16:15:48 GMT" skipped="0">
  <testcase classname="obj.cal_obj" name="f2" time="1.241"/>
  <testcase classname="obj.cal_obj" name="f1" time="2.221"/>
  <testcase classname="obj.cal_obj" name="f" time="1.288"/>
  <testcase classname="obj.cal_obj" name="f3" time="1.176"/>
</testsuite> <!-- obj.cal_obj -->
