<?xml version="1.0" encoding="UTF-8"?>
<!-- Generated by org.testng.reporters.JUnitReportReporter -->
<testsuite hostname="ADMIN-PC" failures="0" tests="6" name="object.obj" time="12.966" errors="0" timestamp="27 Jul 2023 09:34:27 GMT" skipped="0">
  <testcase classname="object.obj" name="f1" time="2.170"/>
  <testcase classname="object.obj" name="f5" time="2.120"/>
  <testcase classname="object.obj" name="f4" time="2.121"/>
  <testcase classname="object.obj" name="f3" time="2.158"/>
  <testcase classname="object.obj" name="f6" time="2.130"/>
  <testcase classname="object.obj" name="f" time="2.267"/>
</testsuite> <!-- object.obj -->
