<?xml version="1.0" encoding="UTF-8"?>
<!-- Generated by org.testng.reporters.JUnitReportReporter -->
<testsuite hostname="ADMIN-PC" failures="0" tests="6" name="object.obj" time="13.044" errors="0" timestamp="27 Jul 2023 06:10:29 GMT" skipped="0">
  <testcase classname="object.obj" name="f1" time="2.212"/>
  <testcase classname="object.obj" name="f5" time="2.159"/>
  <testcase classname="object.obj" name="f4" time="2.126"/>
  <testcase classname="object.obj" name="f3" time="2.189"/>
  <testcase classname="object.obj" name="f6" time="2.125"/>
  <testcase classname="object.obj" name="f" time="2.233"/>
</testsuite> <!-- object.obj -->
