<?xml version="1.0" encoding="UTF-8"?>
<!-- Generated by org.testng.reporters.JUnitReportReporter -->
<testsuite hostname="ADMIN-PC" failures="0" tests="6" name="object.obj" time="13.856" errors="0" timestamp="27 Jul 2023 08:37:40 GMT" skipped="0">
  <testcase classname="object.obj" name="f5" time="2.245"/>
  <testcase classname="object.obj" name="f6" time="2.199"/>
  <testcase classname="object.obj" name="f4" time="2.388"/>
  <testcase classname="object.obj" name="f1" time="2.240"/>
  <testcase classname="object.obj" name="f3" time="2.177"/>
  <testcase classname="object.obj" name="f" time="2.607"/>
</testsuite> <!-- object.obj -->
